<?xml version="1.0" encoding="UTF-8"?>
<!-- Generated by org.testng.reporters.JUnitReportReporter -->
<testsuite skipped="0" hostname="Vipin" name="gmail.com.FirstTestCase" tests="1" failures="0" timestamp="28 Mar 2020 16:39:11 GMT" time="31.272" errors="0">
  <testcase name="case1" time="31.272" classname="gmail.com.FirstTestCase"/>
</testsuite> <!-- gmail.com.FirstTestCase -->
